Arguments: 
  C:\Program Files\nodejs\node.exe C:\Users\kati\AppData\Roaming\npm\node_modules\yarn\bin\yarn.js start

PATH: 
  C:\oraclexe\app\oracle\product\11.2.0\server\bin;C:\ProgramData\Oracle\Java\javapath;C:\Program Files (x86)\Intel\iCLS Client\;C:\Program Files\Intel\iCLS Client\;C:\WINDOWS\system32;C:\WINDOWS;C:\WINDOWS\System32\Wbem;C:\WINDOWS\System32\WindowsPowerShell\v1.0\;C:\Program Files (x86)\Intel\Intel(R) Management Engine Components\DAL;C:\Program Files\Intel\Intel(R) Management Engine Components\DAL;C:\Program Files (x86)\Intel\Intel(R) Management Engine Components\IPT;C:\Program Files\Intel\Intel(R) Management Engine Components\IPT;C:\Program Files\Intel\WiFi\bin\;C:\Program Files\Common Files\Intel\WirelessCommon\;C:\Program Files\PuTTY\;C:\Program Files\Java\jdk1.8.0_131\bin;C:\Program Files\Git\cmd;C:\DevTools\apache-maven-3.5.0\bin;C:\Program Files\Java\jre1.8.0_131\bin;C:\Zoltan\Leonardo\openshift-origin-client-tools-v3.7.0-rc.0-e92d5c5-windows;C:\DevTools\apache-ant-1.10.3\bin;C:\Program Files\nodejs\;C:\Users\kati\AppData\Local\Microsoft\WindowsApps;C:\Katalin\Technical\Groovy\apache-groovy-binary-2.5.0-beta-1\groovy-2.5.0-beta-1\bin;C:\Katalin\Technical\Gradle\gradle-4.0.1-all\gradle-4.0.1\bin;C:\Katalin\Technical\SpringBootCli\spring-boot-cli-1.3.0.M1-bin\spring-1.3.0.M1\bin;C:\Users\kati\AppData\Roaming\npm

Yarn version: 
  1.5.1

Node version: 
  8.11.1

Platform: 
  win32 x64

npm manifest: 
  No manifest

yarn manifest: 
  No manifest

Lockfile: 
  No lockfile

Trace: 
  Error: Couldn't find a package.json file in "C:\\Katalin\\GitHub\\entando-react"
      at new MessageError (C:\Users\kati\AppData\Roaming\npm\node_modules\yarn\lib\cli.js:186:110)
      at C:\Users\kati\AppData\Roaming\npm\node_modules\yarn\lib\cli.js:40048:15
      at Generator.next (<anonymous>)
      at step (C:\Users\kati\AppData\Roaming\npm\node_modules\yarn\lib\cli.js:98:30)
      at C:\Users\kati\AppData\Roaming\npm\node_modules\yarn\lib\cli.js:109:13
      at <anonymous>
